# JRE version: Java(TM) SE Runtime Environment (8.0_181-b13) (build 1.8.0_181-b13)
# Java VM: Java HotSpot(TM) 64-Bit Server VM (25.181-b13 mixed mode windows-amd64 compressed oops)
Heap:
 PSYoungGen      total 429056K, used 14792K [0x00000000d5a00000, 0x00000000f3c00000, 0x0000000100000000)
  eden space 411648K, 0% used [0x00000000d5a00000,0x00000000d5a00000,0x00000000eec00000)
  from space 17408K, 84% used [0x00000000efe80000,0x00000000f0cf2350,0x00000000f0f80000)
  to   space 18944K, 0% used [0x00000000eec00000,0x00000000eec00000,0x00000000efe80000)
 ParOldGen       total 52224K, used 17438K [0x0000000080e00000, 0x0000000084100000, 0x00000000d5a00000)
  object space 52224K, 33% used [0x0000000080e00000,0x0000000081f07940,0x0000000084100000)
 Metaspace       used 34862K, capacity 35356K, committed 35496K, reserved 1081344K
  class space    used 4228K, capacity 4343K, committed 4352K, reserved 1048576K
GC Heap History (10 events):
Event: 2.871 GC heap after
Heap after GC invocations=5 (full 0):
 PSYoungGen      total 138240K, used 5102K [0x00000000d5a00000, 0x00000000e7300000, 0x0000000100000000)
  eden space 133120K, 0% used [0x00000000d5a00000,0x00000000d5a00000,0x00000000ddc00000)
  from space 5120K, 99% used [0x00000000ddc00000,0x00000000de0fbbf8,0x00000000de100000)
  to   space 10752K, 0% used [0x00000000e6880000,0x00000000e6880000,0x00000000e7300000)
 ParOldGen       total 87552K, used 7989K [0x0000000080e00000, 0x0000000086380000, 0x00000000d5a00000)
  object space 87552K, 9% used [0x0000000080e00000,0x00000000815cd708,0x0000000086380000)
 Metaspace       used 20830K, capacity 21158K, committed 21296K, reserved 1069056K
  class space    used 2536K, capacity 2638K, committed 2688K, reserved 1048576K
}
Event: 2.871 GC heap before
{Heap before GC invocations=6 (full 1):
 PSYoungGen      total 138240K, used 5102K [0x00000000d5a00000, 0x00000000e7300000, 0x0000000100000000)
  eden space 133120K, 0% used [0x00000000d5a00000,0x00000000d5a00000,0x00000000ddc00000)
  from space 5120K, 99% used [0x00000000ddc00000,0x00000000de0fbbf8,0x00000000de100000)
  to   space 10752K, 0% used [0x00000000e6880000,0x00000000e6880000,0x00000000e7300000)
 ParOldGen       total 87552K, used 7989K [0x0000000080e00000, 0x0000000086380000, 0x00000000d5a00000)
  object space 87552K, 9% used [0x0000000080e00000,0x00000000815cd708,0x0000000086380000)
 Metaspace       used 20830K, capacity 21158K, committed 21296K, reserved 1069056K
  class space    used 2536K, capacity 2638K, committed 2688K, reserved 1048576K
Event: 2.920 GC heap after
Heap after GC invocations=6 (full 1):
 PSYoungGen      total 138240K, used 0K [0x00000000d5a00000, 0x00000000e7300000, 0x0000000100000000)
  eden space 133120K, 0% used [0x00000000d5a00000,0x00000000d5a00000,0x00000000ddc00000)
  from space 5120K, 0% used [0x00000000ddc00000,0x00000000ddc00000,0x00000000de100000)
  to   space 10752K, 0% used [0x00000000e6880000,0x00000000e6880000,0x00000000e7300000)
 ParOldGen       total 52224K, used 6508K [0x0000000080e00000, 0x0000000084100000, 0x00000000d5a00000)
  object space 52224K, 12% used [0x0000000080e00000,0x000000008145b2b0,0x0000000084100000)
 Metaspace       used 20830K, capacity 21158K, committed 21296K, reserved 1069056K
  class space    used 2536K, capacity 2638K, committed 2688K, reserved 1048576K
}
Event: 3.593 GC heap before
{Heap before GC invocations=7 (full 1):
 PSYoungGen      total 138240K, used 133120K [0x00000000d5a00000, 0x00000000e7300000, 0x0000000100000000)
  eden space 133120K, 100% used [0x00000000d5a00000,0x00000000ddc00000,0x00000000ddc00000)
  from space 5120K, 0% used [0x00000000ddc00000,0x00000000ddc00000,0x00000000de100000)
  to   space 10752K, 0% used [0x00000000e6880000,0x00000000e6880000,0x00000000e7300000)
 ParOldGen       total 52224K, used 6508K [0x0000000080e00000, 0x0000000084100000, 0x00000000d5a00000)
  object space 52224K, 12% used [0x0000000080e00000,0x000000008145b2b0,0x0000000084100000)
 Metaspace       used 24282K, capacity 24670K, committed 24960K, reserved 1071104K
  class space    used 2992K, capacity 3074K, committed 3200K, reserved 1048576K
Event: 3.623 GC heap after
Heap after GC invocations=7 (full 1):
 PSYoungGen      total 244224K, used 7324K [0x00000000d5a00000, 0x00000000e7000000, 0x0000000100000000)
  eden space 236544K, 0% used [0x00000000d5a00000,0x00000000d5a00000,0x00000000e4100000)
  from space 7680K, 95% used [0x00000000e6880000,0x00000000e6fa7008,0x00000000e7000000)
  to   space 10240K, 0% used [0x00000000e5c00000,0x00000000e5c00000,0x00000000e6600000)
 ParOldGen       total 52224K, used 6516K [0x0000000080e00000, 0x0000000084100000, 0x00000000d5a00000)
  object space 52224K, 12% used [0x0000000080e00000,0x000000008145d2b0,0x0000000084100000)
 Metaspace       used 24282K, capacity 24670K, committed 24960K, reserved 1071104K
  class space    used 2992K, capacity 3074K, committed 3200K, reserved 1048576K
}
Event: 6.117 GC heap before
{Heap before GC invocations=8 (full 1):
 PSYoungGen      total 244224K, used 243868K [0x00000000d5a00000, 0x00000000e7000000, 0x0000000100000000)
  eden space 236544K, 100% used [0x00000000d5a00000,0x00000000e4100000,0x00000000e4100000)
  from space 7680K, 95% used [0x00000000e6880000,0x00000000e6fa7008,0x00000000e7000000)
  to   space 10240K, 0% used [0x00000000e5c00000,0x00000000e5c00000,0x00000000e6600000)
 ParOldGen       total 52224K, used 6516K [0x0000000080e00000, 0x0000000084100000, 0x00000000d5a00000)
  object space 52224K, 12% used [0x0000000080e00000,0x000000008145d2b0,0x0000000084100000)
 Metaspace       used 32302K, capacity 32828K, committed 33152K, reserved 1079296K
  class space    used 4026K, capacity 4119K, committed 4224K, reserved 1048576K
Event: 6.173 GC heap after
Heap after GC invocations=8 (full 1):
 PSYoungGen      total 274432K, used 10213K [0x00000000d5a00000, 0x00000000f0f80000, 0x0000000100000000)
  eden space 264192K, 0% used [0x00000000d5a00000,0x00000000d5a00000,0x00000000e5c00000)
  from space 10240K, 99% used [0x00000000e5c00000,0x00000000e65f9558,0x00000000e6600000)
  to   space 17408K, 0% used [0x00000000efe80000,0x00000000efe80000,0x00000000f0f80000)
 ParOldGen       total 52224K, used 17438K [0x0000000080e00000, 0x0000000084100000, 0x00000000d5a00000)
  object space 52224K, 33% used [0x0000000080e00000,0x0000000081f07940,0x0000000084100000)
 Metaspace       used 32302K, capacity 32828K, committed 33152K, reserved 1079296K
  class space    used 4026K, capacity 4119K, committed 4224K, reserved 1048576K
}
Event: 6.698 GC heap before
{Heap before GC invocations=9 (full 1):
 PSYoungGen      total 274432K, used 73018K [0x00000000d5a00000, 0x00000000f0f80000, 0x0000000100000000)
  eden space 264192K, 23% used [0x00000000d5a00000,0x00000000d9755618,0x00000000e5c00000)
  from space 10240K, 99% used [0x00000000e5c00000,0x00000000e65f9558,0x00000000e6600000)
  to   space 17408K, 0% used [0x00000000efe80000,0x00000000efe80000,0x00000000f0f80000)
 ParOldGen       total 52224K, used 17438K [0x0000000080e00000, 0x0000000084100000, 0x00000000d5a00000)
  object space 52224K, 33% used [0x0000000080e00000,0x0000000081f07940,0x0000000084100000)
 Metaspace       used 34862K, capacity 35356K, committed 35496K, reserved 1081344K
  class space    used 4228K, capacity 4343K, committed 4352K, reserved 1048576K
Event: 6.714 GC heap after
Heap after GC invocations=9 (full 1):
 PSYoungGen      total 429056K, used 14792K [0x00000000d5a00000, 0x00000000f3c00000, 0x0000000100000000)
  eden space 411648K, 0% used [0x00000000d5a00000,0x00000000d5a00000,0x00000000eec00000)
  from space 17408K, 84% used [0x00000000efe80000,0x00000000f0cf2350,0x00000000f0f80000)
  to   space 18944K, 0% used [0x00000000eec00000,0x00000000eec00000,0x00000000efe80000)
 ParOldGen       total 52224K, used 17438K [0x0000000080e00000, 0x0000000084100000, 0x00000000d5a00000)
  object space 52224K, 33% used [0x0000000080e00000,0x0000000081f07940,0x0000000084100000)
 Metaspace       used 34862K, capacity 35356K, committed 35496K, reserved 1081344K
  class space    used 4228K, capacity 4343K, committed 4352K, reserved 1048576K
}
Event: 6.714 GC heap before
{Heap before GC invocations=10 (full 2):
 PSYoungGen      total 429056K, used 14792K [0x00000000d5a00000, 0x00000000f3c00000, 0x0000000100000000)
  eden space 411648K, 0% used [0x00000000d5a00000,0x00000000d5a00000,0x00000000eec00000)
  from space 17408K, 84% used [0x00000000efe80000,0x00000000f0cf2350,0x00000000f0f80000)
  to   space 18944K, 0% used [0x00000000eec00000,0x00000000eec00000,0x00000000efe80000)
 ParOldGen       total 52224K, used 17438K [0x0000000080e00000, 0x0000000084100000, 0x00000000d5a00000)
  object space 52224K, 33% used [0x0000000080e00000,0x0000000081f07940,0x0000000084100000)
 Metaspace       used 34862K, capacity 35356K, committed 35496K, reserved 1081344K
  class space    used 4228K, capacity 4343K, committed 4352K, reserved 1048576K

